Using pre-set license
Built from '2021.1/staging' branch; Version is '2021.1.21f1 (f2d5d3c59f8c) revision 15914451'; Using compiler version '192528614'; Build Type 'Release'
OS: 'Windows 10 Pro; OS build 19043.1288; Version 2009; 64bit' Language: 'en' Physical Memory: 16324 MB
BatchMode: 1, IsHumanControllingUs: 0, StartBugReporterOnCrash: 0, Is64bit: 1, IsPro: 0

COMMAND LINE ARGUMENTS:
C:\Program Files\Unity\Hub\Editor\2021.1.21f1\Editor\Unity.exe
-adb2
-batchMode
-noUpm
-name
AssetImportWorker0
-projectPath
C:/Users/Nathan Curnow/Documents/GitHub/Asset-Brush-Development/Development
-logFile
Logs/AssetImportWorker0.log
-srvPort
55629
Successfully changed project path to: C:/Users/Nathan Curnow/Documents/GitHub/Asset-Brush-Development/Development
C:/Users/Nathan Curnow/Documents/GitHub/Asset-Brush-Development/Development
Using Asset Import Pipeline V2.
Refreshing native plugins compatible for Editor in 34.87 ms, found 2 plugins.
Preloading 0 native plugins for Editor in 0.00 ms.
Initialize engine version: 2021.1.21f1 (f2d5d3c59f8c)
[Subsystems] Discovering subsystems at path C:/Program Files/Unity/Hub/Editor/2021.1.21f1/Editor/Data/Resources/UnitySubsystems
[Subsystems] Discovering subsystems at path C:/Users/Nathan Curnow/Documents/GitHub/Asset-Brush-Development/Development/Assets
GfxDevice: creating device client; threaded=0; jobified=0
Direct3D:
    Version:  Direct3D 11.0 [level 11.1]
    Renderer: NVIDIA GeForce GTX 1050 Ti (ID=0x1c82)
    Vendor:   NVIDIA
    VRAM:     4018 MB
    Driver:   30.0.14.9613
Initialize mono
Mono path[0] = 'C:/Program Files/Unity/Hub/Editor/2021.1.21f1/Editor/Data/Managed'
Mono path[1] = 'C:/Program Files/Unity/Hub/Editor/2021.1.21f1/Editor/Data/MonoBleedingEdge/lib/mono/unityjit'
Mono config path = 'C:/Program Files/Unity/Hub/Editor/2021.1.21f1/Editor/Data/MonoBleedingEdge/etc'
Using monoOptions --debugger-agent=transport=dt_socket,embedding=1,server=y,suspend=n,address=127.0.0.1:56112
Begin MonoManager ReloadAssembly
Registering precompiled unity dll's ...
Register platform support module: C:/Program Files/Unity/Hub/Editor/2021.1.21f1/Editor/Data/PlaybackEngines/WindowsStandaloneSupport/UnityEditor.WindowsStandalone.Extensions.dll
Registered in 0.002265 seconds.
Native extension for WindowsStandalone target not found
Refreshing native plugins compatible for Editor in 33.02 ms, found 2 plugins.
Preloading 0 native plugins for Editor in 0.00 ms.
Mono: successfully reloaded assembly
- Completed reload, in  1.506 seconds
Domain Reload Profiling:
	ReloadAssembly (1506ms)
		BeginReloadAssembly (85ms)
			ExecutionOrderSort (0ms)
			DisableScriptedObjects (0ms)
			BackupInstance (0ms)
			ReleaseScriptingObjects (0ms)
			CreateAndSetChildDomain (1ms)
		EndReloadAssembly (474ms)
			LoadAssemblies (82ms)
			RebuildTransferFunctionScriptingTraits (0ms)
			SetupTypeCache (193ms)
			ReleaseScriptCaches (0ms)
			RebuildScriptCaches (36ms)
			SetupLoadedEditorAssemblies (195ms)
				LogAssemblyErrors (0ms)
				InitializePlatformSupportModulesInManaged (7ms)
				SetLoadedEditorAssemblies (0ms)
				RefreshPlugins (33ms)
				BeforeProcessingInitializeOnLoad (2ms)
				ProcessInitializeOnLoadAttributes (118ms)
				ProcessInitializeOnLoadMethodAttributes (35ms)
				AfterProcessingInitializeOnLoad (0ms)
				EditorAssembliesLoaded (0ms)
			ExecutionOrderSort2 (0ms)
			AwakeInstancesAfterBackupRestoration (0ms)
Platform modules already initialized, skipping
Registering precompiled user dll's ...
Registered in 0.003979 seconds.
Begin MonoManager ReloadAssembly
Native extension for WindowsStandalone target not found
Refreshing native plugins compatible for Editor in 0.29 ms, found 2 plugins.
Preloading 0 native plugins for Editor in 0.00 ms.
Mono: successfully reloaded assembly
- Completed reload, in  1.647 seconds
Domain Reload Profiling:
	ReloadAssembly (1648ms)
		BeginReloadAssembly (201ms)
			ExecutionOrderSort (0ms)
			DisableScriptedObjects (6ms)
			BackupInstance (0ms)
			ReleaseScriptingObjects (0ms)
			CreateAndSetChildDomain (23ms)
		EndReloadAssembly (1379ms)
			LoadAssemblies (116ms)
			RebuildTransferFunctionScriptingTraits (0ms)
			SetupTypeCache (334ms)
			ReleaseScriptCaches (0ms)
			RebuildScriptCaches (52ms)
			SetupLoadedEditorAssemblies (759ms)
				LogAssemblyErrors (0ms)
				InitializePlatformSupportModulesInManaged (7ms)
				SetLoadedEditorAssemblies (1ms)
				RefreshPlugins (0ms)
				BeforeProcessingInitializeOnLoad (63ms)
				ProcessInitializeOnLoadAttributes (670ms)
				ProcessInitializeOnLoadMethodAttributes (8ms)
				AfterProcessingInitializeOnLoad (9ms)
				EditorAssembliesLoaded (0ms)
			ExecutionOrderSort2 (0ms)
			AwakeInstancesAfterBackupRestoration (8ms)
Platform modules already initialized, skipping
========================================================================
Worker process is ready to serve import requests
Launched and connected shader compiler UnityShaderCompiler.exe after 0.05 seconds
Refreshing native plugins compatible for Editor in 0.32 ms, found 2 plugins.
Preloading 0 native plugins for Editor in 0.00 ms.
Unloading 1414 Unused Serialized files (Serialized files now loaded: 0)
System memory in use before: 66.8 MB.
System memory in use after: 66.9 MB.

Unloading 16 unused Assets to reduce memory usage. Loaded Objects now: 1865.
Total: 3.173200 ms (FindLiveObjects: 0.167600 ms CreateObjectMapping: 0.050800 ms MarkObjects: 2.857200 ms  DeleteObjects: 0.096700 ms)

AssetImportParameters requested are different than current active one (requested -> active):
  custom:framework-win-MediaFoundation: 216162199b28c13a410421893ffa2e32 -> 
  custom:video-decoder-ogg-theora: a1e56fd34408186e4bbccfd4996cb3dc -> 
  custom:container-muxer-webm: aa71ff27fc2769a1b78a27578f13a17b -> 
  custom:container-demuxer-webm: 4f35f7cbe854078d1ac9338744f61a02 -> 
  custom:container-demuxer-ogg: 62fdf1f143b41e24485cea50d1cbac27 -> 
  custom:video-encoder-webm-vp8: eb34c28f22e8b96e1ab97ce403110664 -> 
  custom:video-decoder-webm-vp8: 9c59270c3fd7afecdb556c50c9e8de78 -> 
  custom:audio-decoder-ogg-vorbis: bf7c407c2cedff20999df2af8eb42d56 -> 
  custom:audio-encoder-webm-vorbis: bf7c407c2cedff20999df2af8eb42d56 -> 
========================================================================
Received Import Request.
  path: Assets/GameObjectBrush/Prefabs/Sphere Red.prefab
  artifactKey: Guid(bdd5dcad4de836a419cf32db900a9fd3) Importer(815301076,1909f56bfc062723c751e8b465ee728b)
Start importing Assets/GameObjectBrush/Prefabs/Sphere Red.prefab using Guid(bdd5dcad4de836a419cf32db900a9fd3) Importer(815301076,1909f56bfc062723c751e8b465ee728b)  -> (artifact id: 'becadf5c9022262ff636af4207dc843d') in 0.122568 seconds 
========================================================================
Received Import Request.
  Time since last request: 0.000273 seconds.
  path: Assets/GameObjectBrush/Prefabs/Sphere Green.prefab
  artifactKey: Guid(9891a1e705ed7284d834797712cb3709) Importer(815301076,1909f56bfc062723c751e8b465ee728b)
Start importing Assets/GameObjectBrush/Prefabs/Sphere Green.prefab using Guid(9891a1e705ed7284d834797712cb3709) Importer(815301076,1909f56bfc062723c751e8b465ee728b)  -> (artifact id: '4defe0a9378adbd969fb356367fa26b0') in 0.453253 seconds 
========================================================================
Received Import Request.
  Time since last request: 0.000669 seconds.
  path: Assets/Example Assets/Tree.prefab
  artifactKey: Guid(a82dae70c7114e74a9b5e960f3edb8d9) Importer(815301076,1909f56bfc062723c751e8b465ee728b)
Start importing Assets/Example Assets/Tree.prefab using Guid(a82dae70c7114e74a9b5e960f3edb8d9) Importer(815301076,1909f56bfc062723c751e8b465ee728b)  -> (artifact id: '8434d9989f0f24d808a197f0c7eae188') in 0.027559 seconds 
========================================================================
Received Import Request.
  Time since last request: 0.000187 seconds.
  path: Assets/GameObjectBrush/Prefabs/Cube Red.prefab
  artifactKey: Guid(d93c5cd00d9a681419f02d26f0ec4438) Importer(815301076,1909f56bfc062723c751e8b465ee728b)
Start importing Assets/GameObjectBrush/Prefabs/Cube Red.prefab using Guid(d93c5cd00d9a681419f02d26f0ec4438) Importer(815301076,1909f56bfc062723c751e8b465ee728b)  -> (artifact id: 'e2882b14188a9b44864b7a36d66b29a5') in 0.007921 seconds 
========================================================================
Received Import Request.
  Time since last request: 0.000198 seconds.
  path: Assets/GameObjectBrush/Prefabs/Multi Object Prefab.prefab
  artifactKey: Guid(8e8f44f656f071a4c8394af50bb5816f) Importer(815301076,1909f56bfc062723c751e8b465ee728b)
Start importing Assets/GameObjectBrush/Prefabs/Multi Object Prefab.prefab using Guid(8e8f44f656f071a4c8394af50bb5816f) Importer(815301076,1909f56bfc062723c751e8b465ee728b)  -> (artifact id: '9c0453abd9002d660e29f1e7735d0c63') in 0.012556 seconds 
========================================================================
Received Import Request.
  Time since last request: 0.000309 seconds.
  path: Assets/GameObjectBrush/Prefabs/Sphere Blue.prefab
  artifactKey: Guid(016c4ca0f636067458fe0e143e1e04e7) Importer(815301076,1909f56bfc062723c751e8b465ee728b)
Start importing Assets/GameObjectBrush/Prefabs/Sphere Blue.prefab using Guid(016c4ca0f636067458fe0e143e1e04e7) Importer(815301076,1909f56bfc062723c751e8b465ee728b)  -> (artifact id: '497ea53c7849e20fc0a620c18154b5d1') in 0.009584 seconds 
========================================================================
Received Import Request.
  Time since last request: 0.000187 seconds.
  path: Assets/GameObjectBrush/Prefabs/Sphere Yellow.prefab
  artifactKey: Guid(a01b48a42191b0b438a6c8b4f3394643) Importer(815301076,1909f56bfc062723c751e8b465ee728b)
Start importing Assets/GameObjectBrush/Prefabs/Sphere Yellow.prefab using Guid(a01b48a42191b0b438a6c8b4f3394643) Importer(815301076,1909f56bfc062723c751e8b465ee728b)  -> (artifact id: '823d7da305807fbda5c29832bc0abda4') in 0.012418 seconds 
========================================================================
Received Import Request.
  Time since last request: 0.000288 seconds.
  path: Assets/GameObjectBrush/Prefabs/Cube Blue.prefab
  artifactKey: Guid(c83f2df945b803a47893cec80c2c3b2a) Importer(815301076,1909f56bfc062723c751e8b465ee728b)
Start importing Assets/GameObjectBrush/Prefabs/Cube Blue.prefab using Guid(c83f2df945b803a47893cec80c2c3b2a) Importer(815301076,1909f56bfc062723c751e8b465ee728b)  -> (artifact id: '16160c1eae05cb9d2b1e709dffc43aed') in 0.009192 seconds 
========================================================================
Received Import Request.
  Time since last request: 0.000198 seconds.
  path: Assets/GameObjectBrush/Prefabs/Cube Yellow.prefab
  artifactKey: Guid(604d716e625dab742ba84e2db380f476) Importer(815301076,1909f56bfc062723c751e8b465ee728b)
Start importing Assets/GameObjectBrush/Prefabs/Cube Yellow.prefab using Guid(604d716e625dab742ba84e2db380f476) Importer(815301076,1909f56bfc062723c751e8b465ee728b)  -> (artifact id: 'e8172e5779c5dda9d4f02788b51b8d34') in 0.009419 seconds 
========================================================================
Received Import Request.
  Time since last request: 0.000186 seconds.
  path: Assets/GameObjectBrush/Prefabs/Cube Green.prefab
  artifactKey: Guid(d8d6ace14daff924c9a1b1b00b2cb388) Importer(815301076,1909f56bfc062723c751e8b465ee728b)
Start importing Assets/GameObjectBrush/Prefabs/Cube Green.prefab using Guid(d8d6ace14daff924c9a1b1b00b2cb388) Importer(815301076,1909f56bfc062723c751e8b465ee728b)  -> (artifact id: '467bb9cb6240613056d8c94df4264237') in 0.011743 seconds 
========================================================================
Received Prepare
Registering precompiled user dll's ...
Registered in 0.003466 seconds.
Begin MonoManager ReloadAssembly
Native extension for WindowsStandalone target not found
Refreshing native plugins compatible for Editor in 0.29 ms, found 2 plugins.
Preloading 0 native plugins for Editor in 0.00 ms.
Mono: successfully reloaded assembly
- Completed reload, in  1.068 seconds
Domain Reload Profiling:
	ReloadAssembly (1068ms)
		BeginReloadAssembly (142ms)
			ExecutionOrderSort (0ms)
			DisableScriptedObjects (5ms)
			BackupInstance (0ms)
			ReleaseScriptingObjects (0ms)
			CreateAndSetChildDomain (40ms)
		EndReloadAssembly (853ms)
			LoadAssemblies (103ms)
			RebuildTransferFunctionScriptingTraits (0ms)
			SetupTypeCache (306ms)
			ReleaseScriptCaches (1ms)
			RebuildScriptCaches (44ms)
			SetupLoadedEditorAssemblies (302ms)
				LogAssemblyErrors (0ms)
				InitializePlatformSupportModulesInManaged (6ms)
				SetLoadedEditorAssemblies (0ms)
				RefreshPlugins (0ms)
				BeforeProcessingInitializeOnLoad (53ms)
				ProcessInitializeOnLoadAttributes (229ms)
				ProcessInitializeOnLoadMethodAttributes (6ms)
				AfterProcessingInitializeOnLoad (8ms)
				EditorAssembliesLoaded (0ms)
			ExecutionOrderSort2 (0ms)
			AwakeInstancesAfterBackupRestoration (9ms)
Platform modules already initialized, skipping
Refreshing native plugins compatible for Editor in 0.32 ms, found 2 plugins.
Preloading 0 native plugins for Editor in 0.00 ms.
Unloading 1403 Unused Serialized files (Serialized files now loaded: 0)
System memory in use before: 70.4 MB.
System memory in use after: 70.5 MB.

Unloading 12 unused Assets to reduce memory usage. Loaded Objects now: 1876.
Total: 3.647600 ms (FindLiveObjects: 0.121100 ms CreateObjectMapping: 0.047400 ms MarkObjects: 3.440800 ms  DeleteObjects: 0.036700 ms)

AssetImportParameters requested are different than current active one (requested -> active):
  custom:framework-win-MediaFoundation: 216162199b28c13a410421893ffa2e32 -> 
  custom:video-decoder-ogg-theora: a1e56fd34408186e4bbccfd4996cb3dc -> 
  custom:container-muxer-webm: aa71ff27fc2769a1b78a27578f13a17b -> 
  custom:container-demuxer-webm: 4f35f7cbe854078d1ac9338744f61a02 -> 
  custom:container-demuxer-ogg: 62fdf1f143b41e24485cea50d1cbac27 -> 
  custom:video-encoder-webm-vp8: eb34c28f22e8b96e1ab97ce403110664 -> 
  custom:video-decoder-webm-vp8: 9c59270c3fd7afecdb556c50c9e8de78 -> 
  custom:audio-decoder-ogg-vorbis: bf7c407c2cedff20999df2af8eb42d56 -> 
  custom:audio-encoder-webm-vorbis: bf7c407c2cedff20999df2af8eb42d56 -> 
========================================================================
Received Import Request.
  Time since last request: 414.116287 seconds.
  path: Assets/Stonew.prefab
  artifactKey: Guid(be5dd0ca77ffd6542888faced0257d5b) Importer(815301076,1909f56bfc062723c751e8b465ee728b)
Start importing Assets/Stonew.prefab using Guid(be5dd0ca77ffd6542888faced0257d5b) Importer(815301076,1909f56bfc062723c751e8b465ee728b)  -> (artifact id: 'cd597c9018287d6889a8b4ea59560be7') in 0.058419 seconds 
========================================================================
Received Import Request.
  Time since last request: 3.012276 seconds.
  path: Assets/Stone.prefab
  artifactKey: Guid(be5dd0ca77ffd6542888faced0257d5b) Importer(815301076,1909f56bfc062723c751e8b465ee728b)
Start importing Assets/Stone.prefab using Guid(be5dd0ca77ffd6542888faced0257d5b) Importer(815301076,1909f56bfc062723c751e8b465ee728b)  -> (artifact id: 'c5fe05666e35be3c3ef2932ea8185795') in 0.007234 seconds 
========================================================================
Received Import Request.
  Time since last request: 16.389747 seconds.
  path: Assets/Example Assets/Materials/Bark.mat
  artifactKey: Guid(dc67c92416ad95247a7d2dda5e8b2bf2) Importer(815301076,1909f56bfc062723c751e8b465ee728b)
Start importing Assets/Example Assets/Materials/Bark.mat using Guid(dc67c92416ad95247a7d2dda5e8b2bf2) Importer(815301076,1909f56bfc062723c751e8b465ee728b)  -> (artifact id: '734cc397b817d35a011cce8ee1f6396c') in 1.817636 seconds 
========================================================================
Received Import Request.
  Time since last request: 0.000396 seconds.
  path: Assets/Example Assets/Materials/Bark.mat
  artifactKey: Guid(dc67c92416ad95247a7d2dda5e8b2bf2) Importer(815301076,1909f56bfc062723c751e8b465ee728b)
Start importing Assets/Example Assets/Materials/Bark.mat using Guid(dc67c92416ad95247a7d2dda5e8b2bf2) Importer(815301076,1909f56bfc062723c751e8b465ee728b)  -> (artifact id: '734cc397b817d35a011cce8ee1f6396c') in 0.012481 seconds 
========================================================================
Received Import Request.
  Time since last request: 3.727215 seconds.
  path: Assets/Example Assets/Materials/Leaves.mat
  artifactKey: Guid(3ff5bd0e4087808498cfe882baa4cd16) Importer(815301076,1909f56bfc062723c751e8b465ee728b)
Start importing Assets/Example Assets/Materials/Leaves.mat using Guid(3ff5bd0e4087808498cfe882baa4cd16) Importer(815301076,1909f56bfc062723c751e8b465ee728b)  -> (artifact id: 'c97ca805ed3d5f8a1863da2958f29d2a') in 0.017203 seconds 
========================================================================
Received Import Request.
  Time since last request: 20.424589 seconds.
  path: Assets/Example Assets/Materials
  artifactKey: Guid(4d78797ce267dd24d96c68bbfea23873) Importer(815301076,1909f56bfc062723c751e8b465ee728b)
Start importing Assets/Example Assets/Materials using Guid(4d78797ce267dd24d96c68bbfea23873) Importer(815301076,1909f56bfc062723c751e8b465ee728b)  -> (artifact id: '234cae81fa0cceab82b7047892f28c7e') in 0.004217 seconds 
========================================================================
Received Import Request.
  Time since last request: 3.564191 seconds.
  path: Assets/Example Assets/Tree.prefab
  artifactKey: Guid(a82dae70c7114e74a9b5e960f3edb8d9) Importer(815301076,1909f56bfc062723c751e8b465ee728b)
Start importing Assets/Example Assets/Tree.prefab using Guid(a82dae70c7114e74a9b5e960f3edb8d9) Importer(815301076,1909f56bfc062723c751e8b465ee728b)  -> (artifact id: 'acf6395ba7221e399b3dd5c515de6024') in 0.008827 seconds 
========================================================================
Received Import Request.
  Time since last request: 659.199589 seconds.
  path: Assets/AssetBrush/Editor/AssetBrush.cs
  artifactKey: Guid(5ab239e260b96ea48ba8cba6e1b1bded) Importer(815301076,1909f56bfc062723c751e8b465ee728b)
Start importing Assets/AssetBrush/Editor/AssetBrush.cs using Guid(5ab239e260b96ea48ba8cba6e1b1bded) Importer(815301076,1909f56bfc062723c751e8b465ee728b)  -> (artifact id: 'a038f0ececa5ed2e12fe8429005fb6b6') in 0.056567 seconds 
========================================================================
Received Prepare
Registering precompiled user dll's ...
Registered in 0.004015 seconds.
Begin MonoManager ReloadAssembly
Native extension for WindowsStandalone target not found
Refreshing native plugins compatible for Editor in 0.38 ms, found 2 plugins.
Preloading 0 native plugins for Editor in 0.00 ms.
Mono: successfully reloaded assembly
- Completed reload, in  1.352 seconds
Domain Reload Profiling:
	ReloadAssembly (1355ms)
		BeginReloadAssembly (151ms)
			ExecutionOrderSort (0ms)
			DisableScriptedObjects (17ms)
			BackupInstance (0ms)
			ReleaseScriptingObjects (0ms)
			CreateAndSetChildDomain (41ms)
		EndReloadAssembly (1133ms)
			LoadAssemblies (129ms)
			RebuildTransferFunctionScriptingTraits (0ms)
			SetupTypeCache (384ms)
			ReleaseScriptCaches (1ms)
			RebuildScriptCaches (77ms)
			SetupLoadedEditorAssemblies (397ms)
				LogAssemblyErrors (0ms)
				InitializePlatformSupportModulesInManaged (6ms)
				SetLoadedEditorAssemblies (0ms)
				RefreshPlugins (0ms)
				BeforeProcessingInitializeOnLoad (59ms)
				ProcessInitializeOnLoadAttributes (317ms)
				ProcessInitializeOnLoadMethodAttributes (5ms)
				AfterProcessingInitializeOnLoad (9ms)
				EditorAssembliesLoaded (0ms)
			ExecutionOrderSort2 (0ms)
			AwakeInstancesAfterBackupRestoration (7ms)
Platform modules already initialized, skipping
Refreshing native plugins compatible for Editor in 0.31 ms, found 2 plugins.
Preloading 0 native plugins for Editor in 0.00 ms.
Unloading 1403 Unused Serialized files (Serialized files now loaded: 0)
System memory in use before: 70.7 MB.
System memory in use after: 70.8 MB.

Unloading 12 unused Assets to reduce memory usage. Loaded Objects now: 1912.
Total: 2.966600 ms (FindLiveObjects: 0.225100 ms CreateObjectMapping: 0.069300 ms MarkObjects: 2.615700 ms  DeleteObjects: 0.055400 ms)

AssetImportParameters requested are different than current active one (requested -> active):
  custom:framework-win-MediaFoundation: 216162199b28c13a410421893ffa2e32 -> 
  custom:video-decoder-ogg-theora: a1e56fd34408186e4bbccfd4996cb3dc -> 
  custom:container-muxer-webm: aa71ff27fc2769a1b78a27578f13a17b -> 
  custom:container-demuxer-webm: 4f35f7cbe854078d1ac9338744f61a02 -> 
  custom:container-demuxer-ogg: 62fdf1f143b41e24485cea50d1cbac27 -> 
  custom:video-encoder-webm-vp8: eb34c28f22e8b96e1ab97ce403110664 -> 
  custom:video-decoder-webm-vp8: 9c59270c3fd7afecdb556c50c9e8de78 -> 
  custom:audio-decoder-ogg-vorbis: bf7c407c2cedff20999df2af8eb42d56 -> 
  custom:audio-encoder-webm-vorbis: bf7c407c2cedff20999df2af8eb42d56 -> 
========================================================================
Received Import Request.
  Time since last request: 12.033316 seconds.
  path: Assets/AssetBrush/Editor/AssetBrush.cs
  artifactKey: Guid(5ab239e260b96ea48ba8cba6e1b1bded) Importer(815301076,1909f56bfc062723c751e8b465ee728b)
Start importing Assets/AssetBrush/Editor/AssetBrush.cs using Guid(5ab239e260b96ea48ba8cba6e1b1bded) Importer(815301076,1909f56bfc062723c751e8b465ee728b)  -> (artifact id: 'bf3be051ed31b2c7669232c93cb1a27d') in 0.004124 seconds 
========================================================================
Received Prepare
Registering precompiled user dll's ...
Registered in 0.003547 seconds.
Begin MonoManager ReloadAssembly
Native extension for WindowsStandalone target not found
Refreshing native plugins compatible for Editor in 0.44 ms, found 2 plugins.
Preloading 0 native plugins for Editor in 0.00 ms.
Mono: successfully reloaded assembly
- Completed reload, in  1.302 seconds
Domain Reload Profiling:
	ReloadAssembly (1303ms)
		BeginReloadAssembly (156ms)
			ExecutionOrderSort (0ms)
			DisableScriptedObjects (7ms)
			BackupInstance (0ms)
			ReleaseScriptingObjects (0ms)
			CreateAndSetChildDomain (40ms)
		EndReloadAssembly (1071ms)
			LoadAssemblies (123ms)
			RebuildTransferFunctionScriptingTraits (0ms)
			SetupTypeCache (439ms)
			ReleaseScriptCaches (1ms)
			RebuildScriptCaches (52ms)
			SetupLoadedEditorAssemblies (350ms)
				LogAssemblyErrors (0ms)
				InitializePlatformSupportModulesInManaged (6ms)
				SetLoadedEditorAssemblies (1ms)
				RefreshPlugins (1ms)
				BeforeProcessingInitializeOnLoad (58ms)
				ProcessInitializeOnLoadAttributes (264ms)
				ProcessInitializeOnLoadMethodAttributes (9ms)
				AfterProcessingInitializeOnLoad (12ms)
				EditorAssembliesLoaded (0ms)
			ExecutionOrderSort2 (0ms)
			AwakeInstancesAfterBackupRestoration (9ms)
Platform modules already initialized, skipping
Refreshing native plugins compatible for Editor in 0.32 ms, found 2 plugins.
Preloading 0 native plugins for Editor in 0.00 ms.
Unloading 1403 Unused Serialized files (Serialized files now loaded: 0)
System memory in use before: 70.7 MB.
System memory in use after: 70.8 MB.

Unloading 11 unused Assets to reduce memory usage. Loaded Objects now: 1914.
Total: 3.279800 ms (FindLiveObjects: 0.140100 ms CreateObjectMapping: 0.051200 ms MarkObjects: 3.071000 ms  DeleteObjects: 0.015900 ms)

AssetImportParameters requested are different than current active one (requested -> active):
  custom:framework-win-MediaFoundation: 216162199b28c13a410421893ffa2e32 -> 
  custom:video-decoder-ogg-theora: a1e56fd34408186e4bbccfd4996cb3dc -> 
  custom:container-muxer-webm: aa71ff27fc2769a1b78a27578f13a17b -> 
  custom:container-demuxer-webm: 4f35f7cbe854078d1ac9338744f61a02 -> 
  custom:container-demuxer-ogg: 62fdf1f143b41e24485cea50d1cbac27 -> 
  custom:video-encoder-webm-vp8: eb34c28f22e8b96e1ab97ce403110664 -> 
  custom:video-decoder-webm-vp8: 9c59270c3fd7afecdb556c50c9e8de78 -> 
  custom:audio-decoder-ogg-vorbis: bf7c407c2cedff20999df2af8eb42d56 -> 
  custom:audio-encoder-webm-vorbis: bf7c407c2cedff20999df2af8eb42d56 -> 
========================================================================
Received Import Request.
  Time since last request: 24.429090 seconds.
  path: Assets/AssetBrush/Editor/AssetBrush.cs
  artifactKey: Guid(5ab239e260b96ea48ba8cba6e1b1bded) Importer(815301076,1909f56bfc062723c751e8b465ee728b)
Start importing Assets/AssetBrush/Editor/AssetBrush.cs using Guid(5ab239e260b96ea48ba8cba6e1b1bded) Importer(815301076,1909f56bfc062723c751e8b465ee728b)  -> (artifact id: '83d7f0bbd135663016c004c9d76e1205') in 0.004956 seconds 
========================================================================
Received Prepare
Registering precompiled user dll's ...
Registered in 0.003551 seconds.
Begin MonoManager ReloadAssembly
Native extension for WindowsStandalone target not found
Refreshing native plugins compatible for Editor in 0.30 ms, found 2 plugins.
Preloading 0 native plugins for Editor in 0.00 ms.
Mono: successfully reloaded assembly
- Completed reload, in  1.137 seconds
Domain Reload Profiling:
	ReloadAssembly (1138ms)
		BeginReloadAssembly (145ms)
			ExecutionOrderSort (0ms)
			DisableScriptedObjects (5ms)
			BackupInstance (0ms)
			ReleaseScriptingObjects (0ms)
			CreateAndSetChildDomain (37ms)
		EndReloadAssembly (923ms)
			LoadAssemblies (113ms)
			RebuildTransferFunctionScriptingTraits (0ms)
			SetupTypeCache (316ms)
			ReleaseScriptCaches (1ms)
			RebuildScriptCaches (61ms)
			SetupLoadedEditorAssemblies (315ms)
				LogAssemblyErrors (0ms)
				InitializePlatformSupportModulesInManaged (6ms)
				SetLoadedEditorAssemblies (0ms)
				RefreshPlugins (0ms)
				BeforeProcessingInitializeOnLoad (50ms)
				ProcessInitializeOnLoadAttributes (246ms)
				ProcessInitializeOnLoadMethodAttributes (5ms)
				AfterProcessingInitializeOnLoad (8ms)
				EditorAssembliesLoaded (0ms)
			ExecutionOrderSort2 (0ms)
			AwakeInstancesAfterBackupRestoration (9ms)
Platform modules already initialized, skipping
Refreshing native plugins compatible for Editor in 0.31 ms, found 2 plugins.
Preloading 0 native plugins for Editor in 0.00 ms.
Unloading 1403 Unused Serialized files (Serialized files now loaded: 0)
System memory in use before: 70.7 MB.
System memory in use after: 70.8 MB.

Unloading 11 unused Assets to reduce memory usage. Loaded Objects now: 1916.
Total: 5.091900 ms (FindLiveObjects: 0.141200 ms CreateObjectMapping: 0.053600 ms MarkObjects: 4.876000 ms  DeleteObjects: 0.019600 ms)

AssetImportParameters requested are different than current active one (requested -> active):
  custom:framework-win-MediaFoundation: 216162199b28c13a410421893ffa2e32 -> 
  custom:video-decoder-ogg-theora: a1e56fd34408186e4bbccfd4996cb3dc -> 
  custom:container-muxer-webm: aa71ff27fc2769a1b78a27578f13a17b -> 
  custom:container-demuxer-webm: 4f35f7cbe854078d1ac9338744f61a02 -> 
  custom:container-demuxer-ogg: 62fdf1f143b41e24485cea50d1cbac27 -> 
  custom:video-encoder-webm-vp8: eb34c28f22e8b96e1ab97ce403110664 -> 
  custom:video-decoder-webm-vp8: 9c59270c3fd7afecdb556c50c9e8de78 -> 
  custom:audio-decoder-ogg-vorbis: bf7c407c2cedff20999df2af8eb42d56 -> 
  custom:audio-encoder-webm-vorbis: bf7c407c2cedff20999df2af8eb42d56 -> 
========================================================================
Received Import Request.
  Time since last request: 412.372695 seconds.
  path: Assets/AssetBrush/Editor/AssetBrush.cs
  artifactKey: Guid(5ab239e260b96ea48ba8cba6e1b1bded) Importer(815301076,1909f56bfc062723c751e8b465ee728b)
Start importing Assets/AssetBrush/Editor/AssetBrush.cs using Guid(5ab239e260b96ea48ba8cba6e1b1bded) Importer(815301076,1909f56bfc062723c751e8b465ee728b)  -> (artifact id: '9e9b33068ff59caa34ce9840d32fbc56') in 0.005477 seconds 
========================================================================
Received Import Request.
  Time since last request: 203.396619 seconds.
  path: Assets/AssetBrush/Editor/AssetBrush.cs
  artifactKey: Guid(5ab239e260b96ea48ba8cba6e1b1bded) Importer(815301076,1909f56bfc062723c751e8b465ee728b)
Start importing Assets/AssetBrush/Editor/AssetBrush.cs using Guid(5ab239e260b96ea48ba8cba6e1b1bded) Importer(815301076,1909f56bfc062723c751e8b465ee728b)  -> (artifact id: 'eb4202bb9a8674873be281c932e11a90') in 0.003153 seconds 
========================================================================
Received Prepare
Registering precompiled user dll's ...
Registered in 0.003438 seconds.
Begin MonoManager ReloadAssembly
Native extension for WindowsStandalone target not found
Refreshing native plugins compatible for Editor in 0.30 ms, found 2 plugins.
Preloading 0 native plugins for Editor in 0.00 ms.
Mono: successfully reloaded assembly
- Completed reload, in  1.354 seconds
Domain Reload Profiling:
	ReloadAssembly (1355ms)
		BeginReloadAssembly (179ms)
			ExecutionOrderSort (0ms)
			DisableScriptedObjects (6ms)
			BackupInstance (0ms)
			ReleaseScriptingObjects (0ms)
			CreateAndSetChildDomain (47ms)
		EndReloadAssembly (1099ms)
			LoadAssemblies (119ms)
			RebuildTransferFunctionScriptingTraits (0ms)
			SetupTypeCache (359ms)
			ReleaseScriptCaches (1ms)
			RebuildScriptCaches (51ms)
			SetupLoadedEditorAssemblies (413ms)
				LogAssemblyErrors (0ms)
				InitializePlatformSupportModulesInManaged (7ms)
				SetLoadedEditorAssemblies (0ms)
				RefreshPlugins (0ms)
				BeforeProcessingInitializeOnLoad (56ms)
				ProcessInitializeOnLoadAttributes (331ms)
				ProcessInitializeOnLoadMethodAttributes (7ms)
				AfterProcessingInitializeOnLoad (11ms)
				EditorAssembliesLoaded (0ms)
			ExecutionOrderSort2 (0ms)
			AwakeInstancesAfterBackupRestoration (11ms)
Platform modules already initialized, skipping
Refreshing native plugins compatible for Editor in 0.34 ms, found 2 plugins.
Preloading 0 native plugins for Editor in 0.00 ms.
Unloading 1403 Unused Serialized files (Serialized files now loaded: 0)
System memory in use before: 70.7 MB.
System memory in use after: 70.8 MB.

Unloading 11 unused Assets to reduce memory usage. Loaded Objects now: 1918.
Total: 6.233400 ms (FindLiveObjects: 0.369100 ms CreateObjectMapping: 0.065900 ms MarkObjects: 5.727900 ms  DeleteObjects: 0.069400 ms)

AssetImportParameters requested are different than current active one (requested -> active):
  custom:framework-win-MediaFoundation: 216162199b28c13a410421893ffa2e32 -> 
  custom:video-decoder-ogg-theora: a1e56fd34408186e4bbccfd4996cb3dc -> 
  custom:container-muxer-webm: aa71ff27fc2769a1b78a27578f13a17b -> 
  custom:container-demuxer-webm: 4f35f7cbe854078d1ac9338744f61a02 -> 
  custom:container-demuxer-ogg: 62fdf1f143b41e24485cea50d1cbac27 -> 
  custom:video-encoder-webm-vp8: eb34c28f22e8b96e1ab97ce403110664 -> 
  custom:video-decoder-webm-vp8: 9c59270c3fd7afecdb556c50c9e8de78 -> 
  custom:audio-decoder-ogg-vorbis: bf7c407c2cedff20999df2af8eb42d56 -> 
  custom:audio-encoder-webm-vorbis: bf7c407c2cedff20999df2af8eb42d56 -> 
========================================================================
Received Import Request.
  Time since last request: 22.673556 seconds.
  path: Assets/AssetBrush/Editor/AssetBrush.cs
  artifactKey: Guid(5ab239e260b96ea48ba8cba6e1b1bded) Importer(815301076,1909f56bfc062723c751e8b465ee728b)
Start importing Assets/AssetBrush/Editor/AssetBrush.cs using Guid(5ab239e260b96ea48ba8cba6e1b1bded) Importer(815301076,1909f56bfc062723c751e8b465ee728b)  -> (artifact id: 'fc7afe7db7c716d5992591d1e19681c3') in 0.006186 seconds 
========================================================================
Received Prepare
Registering precompiled user dll's ...
Registered in 0.004199 seconds.
Begin MonoManager ReloadAssembly
Native extension for WindowsStandalone target not found
Refreshing native plugins compatible for Editor in 0.29 ms, found 2 plugins.
Preloading 0 native plugins for Editor in 0.00 ms.
Mono: successfully reloaded assembly
- Completed reload, in  1.221 seconds
Domain Reload Profiling:
	ReloadAssembly (1222ms)
		BeginReloadAssembly (131ms)
			ExecutionOrderSort (0ms)
			DisableScriptedObjects (6ms)
			BackupInstance (0ms)
			ReleaseScriptingObjects (0ms)
			CreateAndSetChildDomain (36ms)
		EndReloadAssembly (994ms)
			LoadAssemblies (112ms)
			RebuildTransferFunctionScriptingTraits (0ms)
			SetupTypeCache (375ms)
			ReleaseScriptCaches (1ms)
			RebuildScriptCaches (51ms)
			SetupLoadedEditorAssemblies (353ms)
				LogAssemblyErrors (0ms)
				InitializePlatformSupportModulesInManaged (6ms)
				SetLoadedEditorAssemblies (0ms)
				RefreshPlugins (0ms)
				BeforeProcessingInitializeOnLoad (59ms)
				ProcessInitializeOnLoadAttributes (274ms)
				ProcessInitializeOnLoadMethodAttributes (5ms)
				AfterProcessingInitializeOnLoad (8ms)
				EditorAssembliesLoaded (0ms)
			ExecutionOrderSort2 (0ms)
			AwakeInstancesAfterBackupRestoration (8ms)
Platform modules already initialized, skipping
Refreshing native plugins compatible for Editor in 0.36 ms, found 2 plugins.
Preloading 0 native plugins for Editor in 0.00 ms.
Unloading 1403 Unused Serialized files (Serialized files now loaded: 0)
System memory in use before: 70.7 MB.
System memory in use after: 70.8 MB.

Unloading 11 unused Assets to reduce memory usage. Loaded Objects now: 1920.
Total: 3.581800 ms (FindLiveObjects: 0.120400 ms CreateObjectMapping: 0.040200 ms MarkObjects: 3.360100 ms  DeleteObjects: 0.060100 ms)

AssetImportParameters requested are different than current active one (requested -> active):
  custom:framework-win-MediaFoundation: 216162199b28c13a410421893ffa2e32 -> 
  custom:video-decoder-ogg-theora: a1e56fd34408186e4bbccfd4996cb3dc -> 
  custom:container-muxer-webm: aa71ff27fc2769a1b78a27578f13a17b -> 
  custom:container-demuxer-webm: 4f35f7cbe854078d1ac9338744f61a02 -> 
  custom:container-demuxer-ogg: 62fdf1f143b41e24485cea50d1cbac27 -> 
  custom:video-encoder-webm-vp8: eb34c28f22e8b96e1ab97ce403110664 -> 
  custom:video-decoder-webm-vp8: 9c59270c3fd7afecdb556c50c9e8de78 -> 
  custom:audio-decoder-ogg-vorbis: bf7c407c2cedff20999df2af8eb42d56 -> 
  custom:audio-encoder-webm-vorbis: bf7c407c2cedff20999df2af8eb42d56 -> 
========================================================================
Received Import Request.
  Time since last request: 251.706869 seconds.
  path: Assets/AssetBrush/Editor/AssetBrush.cs
  artifactKey: Guid(5ab239e260b96ea48ba8cba6e1b1bded) Importer(815301076,1909f56bfc062723c751e8b465ee728b)
Start importing Assets/AssetBrush/Editor/AssetBrush.cs using Guid(5ab239e260b96ea48ba8cba6e1b1bded) Importer(815301076,1909f56bfc062723c751e8b465ee728b)  -> (artifact id: '7b23a69c287d7ca7822cdb4e9c392623') in 0.004206 seconds 
========================================================================
Received Import Request.
  Time since last request: 697.218666 seconds.
  path: Assets/AssetBrush/Editor/AssetBrush.cs
  artifactKey: Guid(5ab239e260b96ea48ba8cba6e1b1bded) Importer(815301076,1909f56bfc062723c751e8b465ee728b)
Start importing Assets/AssetBrush/Editor/AssetBrush.cs using Guid(5ab239e260b96ea48ba8cba6e1b1bded) Importer(815301076,1909f56bfc062723c751e8b465ee728b)  -> (artifact id: 'd7f207ac38c4d5a1c3d2b991e78db3ee') in 0.003441 seconds 
========================================================================
Received Prepare
Registering precompiled user dll's ...
Registered in 0.003369 seconds.
Begin MonoManager ReloadAssembly
Native extension for WindowsStandalone target not found
Refreshing native plugins compatible for Editor in 0.31 ms, found 2 plugins.
Preloading 0 native plugins for Editor in 0.00 ms.
Mono: successfully reloaded assembly
- Completed reload, in  1.257 seconds
Domain Reload Profiling:
	ReloadAssembly (1258ms)
		BeginReloadAssembly (127ms)
			ExecutionOrderSort (0ms)
			DisableScriptedObjects (5ms)
			BackupInstance (0ms)
			ReleaseScriptingObjects (0ms)
			CreateAndSetChildDomain (34ms)
		EndReloadAssembly (1050ms)
			LoadAssemblies (98ms)
			RebuildTransferFunctionScriptingTraits (0ms)
			SetupTypeCache (362ms)
			ReleaseScriptCaches (1ms)
			RebuildScriptCaches (70ms)
			SetupLoadedEditorAssemblies (382ms)
				LogAssemblyErrors (0ms)
				InitializePlatformSupportModulesInManaged (6ms)
				SetLoadedEditorAssemblies (1ms)
				RefreshPlugins (0ms)
				BeforeProcessingInitializeOnLoad (56ms)
				ProcessInitializeOnLoadAttributes (300ms)
				ProcessInitializeOnLoadMethodAttributes (7ms)
				AfterProcessingInitializeOnLoad (11ms)
				EditorAssembliesLoaded (0ms)
			ExecutionOrderSort2 (0ms)
			AwakeInstancesAfterBackupRestoration (15ms)
Platform modules already initialized, skipping
Refreshing native plugins compatible for Editor in 0.30 ms, found 2 plugins.
Preloading 0 native plugins for Editor in 0.00 ms.
Unloading 1403 Unused Serialized files (Serialized files now loaded: 0)
System memory in use before: 70.7 MB.
System memory in use after: 70.8 MB.

Unloading 11 unused Assets to reduce memory usage. Loaded Objects now: 1922.
Total: 3.843600 ms (FindLiveObjects: 0.154200 ms CreateObjectMapping: 0.065300 ms MarkObjects: 3.604400 ms  DeleteObjects: 0.018400 ms)

AssetImportParameters requested are different than current active one (requested -> active):
  custom:framework-win-MediaFoundation: 216162199b28c13a410421893ffa2e32 -> 
  custom:video-decoder-ogg-theora: a1e56fd34408186e4bbccfd4996cb3dc -> 
  custom:container-muxer-webm: aa71ff27fc2769a1b78a27578f13a17b -> 
  custom:container-demuxer-webm: 4f35f7cbe854078d1ac9338744f61a02 -> 
  custom:container-demuxer-ogg: 62fdf1f143b41e24485cea50d1cbac27 -> 
  custom:video-encoder-webm-vp8: eb34c28f22e8b96e1ab97ce403110664 -> 
  custom:video-decoder-webm-vp8: 9c59270c3fd7afecdb556c50c9e8de78 -> 
  custom:audio-decoder-ogg-vorbis: bf7c407c2cedff20999df2af8eb42d56 -> 
  custom:audio-encoder-webm-vorbis: bf7c407c2cedff20999df2af8eb42d56 -> 
========================================================================
Received Import Request.
  Time since last request: 25.456930 seconds.
  path: Assets/AssetBrush/Editor/AssetBrush.cs
  artifactKey: Guid(5ab239e260b96ea48ba8cba6e1b1bded) Importer(815301076,1909f56bfc062723c751e8b465ee728b)
Start importing Assets/AssetBrush/Editor/AssetBrush.cs using Guid(5ab239e260b96ea48ba8cba6e1b1bded) Importer(815301076,1909f56bfc062723c751e8b465ee728b)  -> (artifact id: 'e7bbcb4124b98985c1b4c36b35a80bfa') in 0.005058 seconds 
